<?xml version="1.0" encoding="UTF-8"?>
<testng-results ignored="0" total="8" passed="8" failed="0" skipped="0">
  <reporter-output>
  </reporter-output>
  <suite started-at="2020-11-24T00:41:30Z" name="Suite" finished-at="2020-11-24T00:41:55Z" duration-ms="24924">
    <groups>
    </groups>
    <test started-at="2020-11-24T00:41:30Z" name="TestSuite" finished-at="2020-11-24T00:41:55Z" duration-ms="24924">
      <class name="testCases.Dropdown">
        <test-method is-config="true" signature="beforeClass()[pri:0, instance:testCases.Dropdown@a1153bc]" started-at="2020-11-23T19:41:35Z" name="beforeClass" finished-at="2020-11-23T19:41:36Z" duration-ms="927" status="PASS">
          <reporter-output>
          </reporter-output>
        </test-method> <!-- beforeClass -->
        <test-method is-config="true" signature="beforeMethod()[pri:0, instance:testCases.Dropdown@a1153bc]" started-at="2020-11-23T19:41:36Z" name="beforeMethod" finished-at="2020-11-23T19:41:36Z" duration-ms="431" status="PASS">
          <reporter-output>
          </reporter-output>
        </test-method> <!-- beforeMethod -->
        <test-method signature="dropdown()[pri:0, instance:testCases.Dropdown@a1153bc]" started-at="2020-11-23T19:41:36Z" name="dropdown" finished-at="2020-11-23T19:41:37Z" duration-ms="1234" status="PASS">
          <reporter-output>
          </reporter-output>
        </test-method> <!-- dropdown -->
        <test-method is-config="true" signature="afterMethod()[pri:0, instance:testCases.Dropdown@a1153bc]" started-at="2020-11-23T19:41:37Z" name="afterMethod" finished-at="2020-11-23T19:41:37Z" duration-ms="0" status="PASS">
          <reporter-output>
          </reporter-output>
        </test-method> <!-- afterMethod -->
        <test-method is-config="true" signature="afterClass()[pri:0, instance:testCases.Dropdown@a1153bc]" started-at="2020-11-23T19:41:37Z" name="afterClass" finished-at="2020-11-23T19:41:38Z" duration-ms="95" status="PASS">
          <reporter-output>
          </reporter-output>
        </test-method> <!-- afterClass -->
      </class> <!-- testCases.Dropdown -->
      <class name="testCases.Dynamic_content">
        <test-method is-config="true" signature="beforeClass()[pri:0, instance:testCases.Dynamic_content@55182842]" started-at="2020-11-23T19:41:50Z" name="beforeClass" finished-at="2020-11-23T19:41:51Z" duration-ms="926" status="PASS">
          <reporter-output>
          </reporter-output>
        </test-method> <!-- beforeClass -->
        <test-method is-config="true" signature="beforeMethod()[pri:0, instance:testCases.Dynamic_content@55182842]" started-at="2020-11-23T19:41:51Z" name="beforeMethod" finished-at="2020-11-23T19:41:51Z" duration-ms="403" status="PASS">
          <reporter-output>
          </reporter-output>
        </test-method> <!-- beforeMethod -->
        <test-method signature="dynamic_content()[pri:0, instance:testCases.Dynamic_content@55182842]" started-at="2020-11-23T19:41:51Z" name="dynamic_content" finished-at="2020-11-23T19:41:53Z" duration-ms="2266" status="PASS">
          <reporter-output>
          </reporter-output>
        </test-method> <!-- dynamic_content -->
        <test-method is-config="true" signature="afterMethod()[pri:0, instance:testCases.Dynamic_content@55182842]" started-at="2020-11-23T19:41:53Z" name="afterMethod" finished-at="2020-11-23T19:41:53Z" duration-ms="0" status="PASS">
          <reporter-output>
          </reporter-output>
        </test-method> <!-- afterMethod -->
        <test-method is-config="true" signature="afterClass()[pri:0, instance:testCases.Dynamic_content@55182842]" started-at="2020-11-23T19:41:53Z" name="afterClass" finished-at="2020-11-23T19:41:54Z" duration-ms="95" status="PASS">
          <reporter-output>
          </reporter-output>
        </test-method> <!-- afterClass -->
      </class> <!-- testCases.Dynamic_content -->
      <class name="testCases.CheckBoxes">
        <test-method is-config="true" signature="beforeClass()[pri:0, instance:testCases.CheckBoxes@47eaca72]" started-at="2020-11-23T19:41:42Z" name="beforeClass" finished-at="2020-11-23T19:41:42Z" duration-ms="936" status="PASS">
          <reporter-output>
          </reporter-output>
        </test-method> <!-- beforeClass -->
        <test-method is-config="true" signature="beforeMethod()[pri:0, instance:testCases.CheckBoxes@47eaca72]" started-at="2020-11-23T19:41:42Z" name="beforeMethod" finished-at="2020-11-23T19:41:43Z" duration-ms="412" status="PASS">
          <reporter-output>
          </reporter-output>
        </test-method> <!-- beforeMethod -->
        <test-method signature="checkBoxes()[pri:0, instance:testCases.CheckBoxes@47eaca72]" started-at="2020-11-23T19:41:43Z" name="checkBoxes" finished-at="2020-11-23T19:41:46Z" duration-ms="3220" status="PASS">
          <reporter-output>
          </reporter-output>
        </test-method> <!-- checkBoxes -->
        <test-method is-config="true" signature="afterMethod()[pri:0, instance:testCases.CheckBoxes@47eaca72]" started-at="2020-11-23T19:41:46Z" name="afterMethod" finished-at="2020-11-23T19:41:46Z" duration-ms="0" status="PASS">
          <reporter-output>
          </reporter-output>
        </test-method> <!-- afterMethod -->
        <test-method is-config="true" signature="afterClass()[pri:0, instance:testCases.CheckBoxes@47eaca72]" started-at="2020-11-23T19:41:46Z" name="afterClass" finished-at="2020-11-23T19:41:46Z" duration-ms="95" status="PASS">
          <reporter-output>
          </reporter-output>
        </test-method> <!-- afterClass -->
      </class> <!-- testCases.CheckBoxes -->
      <class name="testCases.Drag_and_drop">
        <test-method is-config="true" signature="beforeClass()[pri:0, instance:testCases.Drag_and_drop@1aafa419]" started-at="2020-11-23T19:41:38Z" name="beforeClass" finished-at="2020-11-23T19:41:38Z" duration-ms="877" status="PASS">
          <reporter-output>
          </reporter-output>
        </test-method> <!-- beforeClass -->
        <test-method is-config="true" signature="beforeMethod()[pri:0, instance:testCases.Drag_and_drop@1aafa419]" started-at="2020-11-23T19:41:38Z" name="beforeMethod" finished-at="2020-11-23T19:41:39Z" duration-ms="481" status="PASS">
          <reporter-output>
          </reporter-output>
        </test-method> <!-- beforeMethod -->
        <test-method signature="drag_and_drop()[pri:0, instance:testCases.Drag_and_drop@1aafa419]" started-at="2020-11-23T19:41:39Z" name="drag_and_drop" finished-at="2020-11-23T19:41:41Z" duration-ms="2495" status="PASS">
          <reporter-output>
          </reporter-output>
        </test-method> <!-- drag_and_drop -->
        <test-method is-config="true" signature="afterMethod()[pri:0, instance:testCases.Drag_and_drop@1aafa419]" started-at="2020-11-23T19:41:41Z" name="afterMethod" finished-at="2020-11-23T19:41:41Z" duration-ms="0" status="PASS">
          <reporter-output>
          </reporter-output>
        </test-method> <!-- afterMethod -->
        <test-method is-config="true" signature="afterClass()[pri:0, instance:testCases.Drag_and_drop@1aafa419]" started-at="2020-11-23T19:41:41Z" name="afterClass" finished-at="2020-11-23T19:41:42Z" duration-ms="94" status="PASS">
          <reporter-output>
          </reporter-output>
        </test-method> <!-- afterClass -->
      </class> <!-- testCases.Drag_and_drop -->
      <class name="testCases.LoginSuccess">
        <test-method is-config="true" signature="beforeClass()[pri:0, instance:testCases.LoginSuccess@48f2bd5b]" started-at="2020-11-23T19:41:30Z" name="beforeClass" finished-at="2020-11-23T19:41:32Z" duration-ms="1810" status="PASS">
          <reporter-output>
          </reporter-output>
        </test-method> <!-- beforeClass -->
        <test-method is-config="true" signature="beforeMethod()[pri:0, instance:testCases.LoginSuccess@48f2bd5b]" started-at="2020-11-23T19:41:32Z" name="beforeMethod" finished-at="2020-11-23T19:41:32Z" duration-ms="451" status="PASS">
          <reporter-output>
          </reporter-output>
        </test-method> <!-- beforeMethod -->
        <test-method signature="userAbleToValidateErrorTextOnSignInpage()[pri:0, instance:testCases.LoginSuccess@48f2bd5b]" started-at="2020-11-23T19:41:32Z" name="userAbleToValidateErrorTextOnSignInpage" finished-at="2020-11-23T19:41:33Z" duration-ms="545" status="PASS">
          <reporter-output>
          </reporter-output>
        </test-method> <!-- userAbleToValidateErrorTextOnSignInpage -->
        <test-method is-config="true" signature="afterClass()[pri:0, instance:testCases.LoginSuccess@48f2bd5b]" started-at="2020-11-23T19:41:33Z" name="afterClass" finished-at="2020-11-23T19:41:33Z" duration-ms="95" status="PASS">
          <reporter-output>
          </reporter-output>
        </test-method> <!-- afterClass -->
        <test-method is-config="true" signature="afterMethod()[pri:0, instance:testCases.LoginSuccess@48f2bd5b]" started-at="2020-11-23T19:41:33Z" name="afterMethod" finished-at="2020-11-23T19:41:33Z" duration-ms="0" status="PASS">
          <reporter-output>
          </reporter-output>
        </test-method> <!-- afterMethod -->
      </class> <!-- testCases.LoginSuccess -->
      <class name="testCases.LoginFailure">
        <test-method is-config="true" signature="beforeClass()[pri:0, instance:testCases.LoginFailure@7b2bbc3]" started-at="2020-11-23T19:41:33Z" name="beforeClass" finished-at="2020-11-23T19:41:34Z" duration-ms="856" status="PASS">
          <reporter-output>
          </reporter-output>
        </test-method> <!-- beforeClass -->
        <test-method is-config="true" signature="beforeMethod()[pri:0, instance:testCases.LoginFailure@7b2bbc3]" started-at="2020-11-23T19:41:34Z" name="beforeMethod" finished-at="2020-11-23T19:41:34Z" duration-ms="396" status="PASS">
          <reporter-output>
          </reporter-output>
        </test-method> <!-- beforeMethod -->
        <test-method signature="userAbleToValidateErrorTextOnSignInpage()[pri:0, instance:testCases.LoginFailure@7b2bbc3]" started-at="2020-11-23T19:41:34Z" name="userAbleToValidateErrorTextOnSignInpage" finished-at="2020-11-23T19:41:35Z" duration-ms="504" status="PASS">
          <reporter-output>
          </reporter-output>
        </test-method> <!-- userAbleToValidateErrorTextOnSignInpage -->
        <test-method is-config="true" signature="afterClass()[pri:0, instance:testCases.LoginFailure@7b2bbc3]" started-at="2020-11-23T19:41:35Z" name="afterClass" finished-at="2020-11-23T19:41:35Z" duration-ms="93" status="PASS">
          <reporter-output>
          </reporter-output>
        </test-method> <!-- afterClass -->
        <test-method is-config="true" signature="afterMethod()[pri:0, instance:testCases.LoginFailure@7b2bbc3]" started-at="2020-11-23T19:41:35Z" name="afterMethod" finished-at="2020-11-23T19:41:35Z" duration-ms="0" status="PASS">
          <reporter-output>
          </reporter-output>
        </test-method> <!-- afterMethod -->
      </class> <!-- testCases.LoginFailure -->
      <class name="testCases.Dynamic_controls">
        <test-method is-config="true" signature="beforeClass()[pri:0, instance:testCases.Dynamic_controls@3270d194]" started-at="2020-11-23T19:41:54Z" name="beforeClass" finished-at="2020-11-23T19:41:54Z" duration-ms="875" status="PASS">
          <reporter-output>
          </reporter-output>
        </test-method> <!-- beforeClass -->
        <test-method is-config="true" signature="beforeMethod()[pri:0, instance:testCases.Dynamic_controls@3270d194]" started-at="2020-11-23T19:41:54Z" name="beforeMethod" finished-at="2020-11-23T19:41:55Z" duration-ms="389" status="PASS">
          <reporter-output>
          </reporter-output>
        </test-method> <!-- beforeMethod -->
        <test-method signature="userAbleToValidateErrorTextOnSignInpage()[pri:0, instance:testCases.Dynamic_controls@3270d194]" started-at="2020-11-23T19:41:55Z" name="userAbleToValidateErrorTextOnSignInpage" finished-at="2020-11-23T19:41:55Z" duration-ms="120" status="PASS">
          <reporter-output>
          </reporter-output>
        </test-method> <!-- userAbleToValidateErrorTextOnSignInpage -->
        <test-method is-config="true" signature="afterMethod()[pri:0, instance:testCases.Dynamic_controls@3270d194]" started-at="2020-11-23T19:41:55Z" name="afterMethod" finished-at="2020-11-23T19:41:55Z" duration-ms="1" status="PASS">
          <reporter-output>
          </reporter-output>
        </test-method> <!-- afterMethod -->
        <test-method is-config="true" signature="afterClass()[pri:0, instance:testCases.Dynamic_controls@3270d194]" started-at="2020-11-23T19:41:55Z" name="afterClass" finished-at="2020-11-23T19:41:55Z" duration-ms="92" status="PASS">
          <reporter-output>
          </reporter-output>
        </test-method> <!-- afterClass -->
      </class> <!-- testCases.Dynamic_controls -->
      <class name="testCases.Context_menu">
        <test-method is-config="true" signature="beforeClass()[pri:0, instance:testCases.Context_menu@55141def]" started-at="2020-11-23T19:41:46Z" name="beforeClass" finished-at="2020-11-23T19:41:47Z" duration-ms="937" status="PASS">
          <reporter-output>
          </reporter-output>
        </test-method> <!-- beforeClass -->
        <test-method is-config="true" signature="beforeMethod()[pri:0, instance:testCases.Context_menu@55141def]" started-at="2020-11-23T19:41:47Z" name="beforeMethod" finished-at="2020-11-23T19:41:48Z" duration-ms="393" status="PASS">
          <reporter-output>
          </reporter-output>
        </test-method> <!-- beforeMethod -->
        <test-method signature="context_menu()[pri:0, instance:testCases.Context_menu@55141def]" started-at="2020-11-23T19:41:48Z" name="context_menu" finished-at="2020-11-23T19:41:50Z" duration-ms="2266" status="PASS">
          <reporter-output>
          </reporter-output>
        </test-method> <!-- context_menu -->
        <test-method is-config="true" signature="afterMethod()[pri:0, instance:testCases.Context_menu@55141def]" started-at="2020-11-23T19:41:50Z" name="afterMethod" finished-at="2020-11-23T19:41:50Z" duration-ms="0" status="PASS">
          <reporter-output>
          </reporter-output>
        </test-method> <!-- afterMethod -->
        <test-method is-config="true" signature="afterClass()[pri:0, instance:testCases.Context_menu@55141def]" started-at="2020-11-23T19:41:50Z" name="afterClass" finished-at="2020-11-23T19:41:50Z" duration-ms="97" status="PASS">
          <reporter-output>
          </reporter-output>
        </test-method> <!-- afterClass -->
      </class> <!-- testCases.Context_menu -->
    </test> <!-- TestSuite -->
  </suite> <!-- Suite -->
</testng-results>
