<?xml version="1.0" encoding="UTF-8"?>
<testng-results ignored="0" total="1" passed="1" failed="0" skipped="0">
  <reporter-output>
  </reporter-output>
  <suite started-at="2020-11-26T19:07:32Z" name="Default suite" finished-at="2020-11-26T19:07:44Z" duration-ms="11791">
    <groups>
    </groups>
    <test started-at="2020-11-26T19:07:32Z" name="Default test" finished-at="2020-11-26T19:07:44Z" duration-ms="11791">
      <class name="testCases.MouseHover_14">
        <test-method is-config="true" signature="beforeClass()[pri:0, instance:testCases.MouseHover_14@2df3b89c]" started-at="2020-11-26T14:07:32Z" name="beforeClass" finished-at="2020-11-26T14:07:34Z" duration-ms="1666" status="PASS">
          <reporter-output>
          </reporter-output>
        </test-method> <!-- beforeClass -->
        <test-method is-config="true" signature="beforeMethod()[pri:0, instance:testCases.MouseHover_14@2df3b89c]" started-at="2020-11-26T14:07:34Z" name="beforeMethod" finished-at="2020-11-26T14:07:34Z" duration-ms="413" status="PASS">
          <reporter-output>
          </reporter-output>
        </test-method> <!-- beforeMethod -->
        <test-method signature="mouseHover_14()[pri:0, instance:testCases.MouseHover_14@2df3b89c]" started-at="2020-11-26T14:07:34Z" name="mouseHover_14" finished-at="2020-11-26T14:07:44Z" duration-ms="9567" status="PASS">
          <reporter-output>
          </reporter-output>
        </test-method> <!-- mouseHover_14 -->
        <test-method is-config="true" signature="afterMethod()[pri:0, instance:testCases.MouseHover_14@2df3b89c]" started-at="2020-11-26T14:07:44Z" name="afterMethod" finished-at="2020-11-26T14:07:44Z" duration-ms="0" status="PASS">
          <reporter-output>
          </reporter-output>
        </test-method> <!-- afterMethod -->
        <test-method is-config="true" signature="afterClass()[pri:0, instance:testCases.MouseHover_14@2df3b89c]" started-at="2020-11-26T14:07:44Z" name="afterClass" finished-at="2020-11-26T14:07:44Z" duration-ms="132" status="PASS">
          <reporter-output>
          </reporter-output>
        </test-method> <!-- afterClass -->
      </class> <!-- testCases.MouseHover_14 -->
    </test> <!-- Default test -->
  </suite> <!-- Default suite -->
</testng-results>
