<?xml version="1.0" encoding="UTF-8"?>
<!-- Generated by org.testng.reporters.JUnitXMLReporter -->
<testsuite ignored="0" hostname="mds-MacBook-Pro.local" failures="0" tests="8" name="TestSuite" time="24.799" errors="0" timestamp="24 Nov 2020 00:36:04 GMT">
  <testcase classname="testCases.LoginSuccess" name="userAbleToValidateErrorTextOnSignInpage" time="0.527"/>
  <testcase classname="testCases.LoginFailure" name="userAbleToValidateErrorTextOnSignInpage" time="0.509"/>
  <testcase classname="testCases.Dropdown" name="dropdown" time="1.225"/>
  <testcase classname="testCases.Drag_and_drop" name="drag_and_drop" time="2.47"/>
  <testcase classname="testCases.CheckBoxes" name="checkBoxes" time="3.207"/>
  <testcase classname="testCases.Context_menu" name="context_menu" time="2.268"/>
  <testcase classname="testCases.Dynamic_content" name="dynamic_content" time="2.272"/>
  <testcase classname="testCases.Dynamic_controls" name="userAbleToValidateErrorTextOnSignInpage" time="0.136"/>
</testsuite> <!-- TestSuite -->
